<?xml version="1.0" encoding="UTF-8"?>
<!-- Generated by org.testng.reporters.JUnitReportReporter -->
<testsuite hostname="FAISAL" failures="0" tests="1" name="test.ExtentReportsTestDemowithTestNG" time="22.367" errors="0" timestamp="2022-01-02T18:53:51 CST" skipped="0">
  <testcase classname="test.ExtentReportsTestDemowithTestNG" name="test1" time="22.367"/>
  <system-out/>
</testsuite> <!-- test.ExtentReportsTestDemowithTestNG -->
