<?xml version="1.0" encoding="UTF-8"?>
<!-- Generated by org.testng.reporters.JUnitReportReporter -->
<testsuite hostname="FAISAL" failures="0" tests="1" name="test.TestNGPageTest" time="26.517" errors="0" timestamp="2022-01-01T21:36:33 CST" skipped="0">
  <testcase classname="test.TestNGPageTest" name="googlesearch" time="26.517"/>
  <system-out/>
</testsuite> <!-- test.TestNGPageTest -->
