<?xml version="1.0" encoding="UTF-8"?>
<!-- Generated by org.testng.reporters.JUnitReportReporter -->
<testsuite hostname="FAISAL" failures="0" tests="1" name="test.TestNGPageTest" time="14.119" errors="0" timestamp="2022-01-03T16:36:29 CST" skipped="0">
  <testcase classname="test.TestNGPageTest" name="googlesearch" time="14.119"/>
  <system-out/>
</testsuite> <!-- test.TestNGPageTest -->
