<?xml version="1.0" encoding="UTF-8"?>
<!-- Generated by org.testng.reporters.JUnitReportReporter -->
<testsuite hostname="FAISAL" failures="0" tests="1" name="test.ExtentReportsTestDemowithTestNG" time="11.270" errors="0" timestamp="2022-01-03T21:35:24 CST" skipped="0">
  <testcase classname="test.ExtentReportsTestDemowithTestNG" name="test1" time="11.270"/>
  <system-out/>
</testsuite> <!-- test.ExtentReportsTestDemowithTestNG -->
